<?xml version="1.0" encoding="UTF-8"?>
<!-- Generated by org.testng.reporters.JUnitXMLReporter -->
<testsuite hostname="DESKTOP-PIN38J4" failures="0" tests="8" name="Default test" time="0.281" errors="0" timestamp="30 Apr 2022 15:41:16 GMT">
  <testcase classname="com.TestLayer.HomePageTest" name="@BeforeClass setUp" time="0.0">
    <failure type="java.lang.NullPointerException" message="Cannot invoke &amp;quot;String.equals(Object)&amp;quot; because &amp;quot;browsername&amp;quot; is null">
      <![CDATA[java.lang.NullPointerException: Cannot invoke "String.equals(Object)" because "browsername" is null
	at com.BaseLayer.BaseClass.inilitization(BaseClass.java:34)
	at com.TestLayer.HomePageTest.setUp(HomePageTest.java:16)
	at java.base/jdk.internal.reflect.NativeMethodAccessorImpl.invoke0(Native Method)
	at java.base/jdk.internal.reflect.NativeMethodAccessorImpl.invoke(NativeMethodAccessorImpl.java:77)
	at java.base/jdk.internal.reflect.DelegatingMethodAccessorImpl.invoke(DelegatingMethodAccessorImpl.java:43)
	at java.base/java.lang.reflect.Method.invoke(Method.java:568)
	at org.testng.internal.MethodInvocationHelper.invokeMethod(MethodInvocationHelper.java:84)
	at org.testng.internal.Invoker.invokeConfigurationMethod(Invoker.java:564)
	at org.testng.internal.Invoker.invokeConfigurations(Invoker.java:213)
	at org.testng.internal.Invoker.invokeConfigurations(Invoker.java:138)
	at org.testng.internal.TestMethodWorker.invokeBeforeClassMethods(TestMethodWorker.java:175)
	at org.testng.internal.TestMethodWorker.run(TestMethodWorker.java:107)
	at org.testng.TestRunner.privateRun(TestRunner.java:767)
	at org.testng.TestRunner.run(TestRunner.java:617)
	at org.testng.SuiteRunner.runTest(SuiteRunner.java:334)
	at org.testng.SuiteRunner.runSequentially(SuiteRunner.java:329)
	at org.testng.SuiteRunner.privateRun(SuiteRunner.java:291)
	at org.testng.SuiteRunner.run(SuiteRunner.java:240)
	at org.testng.SuiteRunnerWorker.runSuite(SuiteRunnerWorker.java:52)
	at org.testng.SuiteRunnerWorker.run(SuiteRunnerWorker.java:86)
	at org.testng.TestNG.runSuitesSequentially(TestNG.java:1224)
	at org.testng.TestNG.runSuitesLocally(TestNG.java:1149)
	at org.testng.TestNG.run(TestNG.java:1057)
	at org.testng.remote.AbstractRemoteTestNG.run(AbstractRemoteTestNG.java:115)
	at org.testng.remote.RemoteTestNG.initAndRun(RemoteTestNG.java:251)
	at org.testng.remote.RemoteTestNG.main(RemoteTestNG.java:77)
]]>
    </failure>
  </testcase> <!-- @BeforeClass setUp -->
  <testcase classname="com.TestLayer.HomePageTest" name="@AfterClass tearDown" time="0.0">
    <skipped/>
  </testcase> <!-- @AfterClass tearDown -->
  <testcase classname="com.TestLayer.HomePageTest" name="validateLogin" time="0.005">
    <skipped/>
  </testcase> <!-- validateLogin -->
  <testcase classname="com.TestLayer.HomePageTest" name="validateTitle" time="0.003">
    <skipped/>
  </testcase> <!-- validateTitle -->
  <testcase classname="com.TestLayer.HomePageTest" name="validateUrl" time="0.003">
    <skipped/>
  </testcase> <!-- validateUrl -->
  <testcase classname="com.TestLayer.HomePageTest" name="validateLogo" time="0.005">
    <skipped/>
  </testcase> <!-- validateLogo -->
  <testcase classname="com.TestLayer.HomePageTest" name="validateAdminPage" time="0.002">
    <skipped/>
  </testcase> <!-- validateAdminPage -->
  <testcase classname="com.TestLayer.HomePageTest" name="validatePimPage" time="0.014">
    <skipped/>
  </testcase> <!-- validatePimPage -->
  <testcase classname="com.TestLayer.HomePageTest" name="validateleavePage" time="0.005">
    <skipped/>
  </testcase> <!-- validateleavePage -->
  <testcase classname="com.TestLayer.HomePageTest" name="validateMyInfoPage" time="0.002">
    <skipped/>
  </testcase> <!-- validateMyInfoPage -->
</testsuite> <!-- Default test -->
